<?xml version="1.0" encoding="UTF-8"?>
<!-- Generated by org.testng.reporters.JUnitReportReporter -->
<testsuite hostname="LAPTOP-JELKNMKL" failures="0" tests="1" name="testCases.TC_001_AccountRegistration" time="4.433" errors="0" timestamp="2022-07-04T18:54:06 IST" skipped="0">
  <testcase classname="testCases.TC_001_AccountRegistration" name="test_account_registration" time="4.433"/>
  <system-out/>
</testsuite> <!-- testCases.TC_001_AccountRegistration -->
